[debug] [2020-07-10T19:10:52.172Z] ----------------------------------------------------------------------
[debug] [2020-07-10T19:10:52.175Z] Command:       C:\Program Files\nodejs\node.exe C:\Program Files\nodejs\node_modules\firebase-tools\lib\bin\firebase.js deploy
[debug] [2020-07-10T19:10:52.176Z] CLI Version:   8.4.3
[debug] [2020-07-10T19:10:52.176Z] Platform:      win32
[debug] [2020-07-10T19:10:52.176Z] Node Version:  v10.16.0
[debug] [2020-07-10T19:10:52.177Z] Time:          Fri Jul 10 2020 16:10:52 GMT-0300 (GMT-03:00)
[debug] [2020-07-10T19:10:52.178Z] ----------------------------------------------------------------------
[debug] [2020-07-10T19:10:52.178Z] 
[debug] [2020-07-10T19:10:52.330Z] > command requires scopes: ["email","openid","https://www.googleapis.com/auth/cloudplatformprojects.readonly","https://www.googleapis.com/auth/firebase","https://www.googleapis.com/auth/cloud-platform"]
[debug] [2020-07-10T19:10:52.331Z] > authorizing via signed-in user
[debug] [2020-07-10T19:10:52.332Z] [iam] checking project input-form-7fc78 for permissions ["firebase.projects.get","firebasehosting.sites.update"]
[debug] [2020-07-10T19:10:52.339Z] >>> HTTP REQUEST POST https://cloudresourcemanager.googleapis.com/v1/projects/input-form-7fc78:testIamPermissions  
 {"permissions":["firebase.projects.get","firebasehosting.sites.update"]}
[debug] [2020-07-10T19:10:53.640Z] <<< HTTP RESPONSE 200 {"content-type":"application/json; charset=UTF-8","vary":"X-Origin, Referer, Origin,Accept-Encoding","date":"Fri, 10 Jul 2020 19:10:54 GMT","server":"ESF","cache-control":"private","x-xss-protection":"0","x-frame-options":"SAMEORIGIN","x-content-type-options":"nosniff","server-timing":"gfet4t7; dur=880","alt-svc":"h3-29=\":443\"; ma=2592000,h3-27=\":443\"; ma=2592000,h3-25=\":443\"; ma=2592000,h3-T050=\":443\"; ma=2592000,h3-Q050=\":443\"; ma=2592000,h3-Q046=\":443\"; ma=2592000,h3-Q043=\":443\"; ma=2592000,quic=\":443\"; ma=2592000; v=\"46,43\"","accept-ranges":"none","transfer-encoding":"chunked"}
[debug] [2020-07-10T19:10:53.641Z] [iam] error while checking permissions, command may fail: FirebaseError: Authorization failed. This account is missing the following required permissions on project input-form-7fc78:

  firebase.projects.get
  firebasehosting.sites.update
[debug] [2020-07-10T19:10:53.643Z] >>> HTTP REQUEST GET https://firebase.googleapis.com/v1beta1/projects/input-form-7fc78  
 
[debug] [2020-07-10T19:10:54.982Z] <<< HTTP RESPONSE 403 {"vary":"X-Origin, Referer, Origin,Accept-Encoding","content-type":"application/json; charset=UTF-8","date":"Fri, 10 Jul 2020 19:10:55 GMT","server":"ESF","cache-control":"private","x-xss-protection":"0","x-frame-options":"SAMEORIGIN","x-content-type-options":"nosniff","alt-svc":"h3-29=\":443\"; ma=2592000,h3-27=\":443\"; ma=2592000,h3-25=\":443\"; ma=2592000,h3-T050=\":443\"; ma=2592000,h3-Q050=\":443\"; ma=2592000,h3-Q046=\":443\"; ma=2592000,h3-Q043=\":443\"; ma=2592000,quic=\":443\"; ma=2592000; v=\"46,43\"","accept-ranges":"none","transfer-encoding":"chunked"}
[debug] [2020-07-10T19:10:54.982Z] <<< HTTP RESPONSE BODY {"error":{"code":403,"message":"The caller does not have permission","status":"PERMISSION_DENIED"}}
[debug] [2020-07-10T19:10:54.985Z] HTTP Error: 403, The caller does not have permission
[debug] [2020-07-10T19:10:55.370Z] FirebaseError: HTTP Error: 403, The caller does not have permission
    at module.exports (C:\Users\PC\AppData\Roaming\nvm\v10.16.0\node_modules\firebase-tools\lib\responseToError.js:38:12)
    at Request._callback (C:\Users\PC\AppData\Roaming\nvm\v10.16.0\node_modules\firebase-tools\lib\api.js:41:35)
    at Request.self.callback (C:\Users\PC\AppData\Roaming\nvm\v10.16.0\node_modules\firebase-tools\node_modules\request\request.js:185:22)
    at Request.emit (events.js:198:13)
    at Request.EventEmitter.emit (domain.js:448:20)
    at Request.<anonymous> (C:\Users\PC\AppData\Roaming\nvm\v10.16.0\node_modules\firebase-tools\node_modules\request\request.js:1154:10)
    at Request.emit (events.js:198:13)
    at Request.EventEmitter.emit (domain.js:448:20)
    at IncomingMessage.<anonymous> (C:\Users\PC\AppData\Roaming\nvm\v10.16.0\node_modules\firebase-tools\node_modules\request\request.js:1076:12)
    at Object.onceWrapper (events.js:286:20)
    at IncomingMessage.emit (events.js:203:15)
    at IncomingMessage.EventEmitter.emit (domain.js:448:20)
    at endReadableNT (_stream_readable.js:1129:12)
    at process._tickCallback (internal/process/next_tick.js:63:19)
[error] 
[error] Error: Failed to get Firebase project input-form-7fc78. Please make sure the project exists and your account has permission to access it.
